[2018-05-02T12:11:13.550+0700][0.010s] Using Concurrent Mark Sweep
[2018-05-02T12:11:13.550+0700][0.010s] Heap address: 0x00000000e0000000, size: 512 MB, Compressed Oops mode: 32-bit
[2018-05-02T12:11:18.572+0700][5,032s] GC(0) Pause Young (Allocation Failure)
[2018-05-02T12:11:18.572+0700][5,032s] GC(0) Using 4 workers of 4 for evacuation
[2018-05-02T12:11:18.587+0700][5,047s] GC(0) ParNew: 87424K->15539K(109248K)
[2018-05-02T12:11:18.587+0700][5,047s] GC(0) CMS: 0K->0K(393216K)
[2018-05-02T12:11:18.587+0700][5,047s] GC(0) Metaspace: 23052K->23052K(1071104K)
[2018-05-02T12:11:18.587+0700][5,047s] GC(0) Pause Young (Allocation Failure) 85M->15M(490M) 15,048ms
[2018-05-02T12:11:18.587+0700][5,047s] GC(0) User=0,06s Sys=0,00s Real=0,02s
[2018-05-02T12:11:18.591+0700][5,051s] GC(1) Pause Initial Mark
[2018-05-02T12:11:18.594+0700][5,055s] GC(1) Pause Initial Mark 17M->17M(490M) 3,642ms
[2018-05-02T12:11:18.594+0700][5,055s] GC(1) User=0,01s Sys=0,00s Real=0,00s
[2018-05-02T12:11:18.594+0700][5,055s] GC(1) Concurrent Mark
[2018-05-02T12:11:18.594+0700][5,055s] GC(1) Using 4 workers of 4 for marking
[2018-05-02T12:11:18.595+0700][5,055s] GC(1) Concurrent Mark 0,397ms
[2018-05-02T12:11:18.595+0700][5,055s] GC(1) User=0,00s Sys=0,00s Real=0,00s
[2018-05-02T12:11:18.595+0700][5,055s] GC(1) Concurrent Preclean
[2018-05-02T12:11:18.596+0700][5,056s] GC(1) Concurrent Preclean 0,786ms
[2018-05-02T12:11:18.596+0700][5,056s] GC(1) User=0,00s Sys=0,00s Real=0,00s
[2018-05-02T12:11:18.596+0700][5,056s] GC(1) Concurrent Abortable Preclean
[2018-05-02T12:11:20.767+0700][7,227s] GC(1) Concurrent Abortable Preclean 2170,924ms
[2018-05-02T12:11:20.767+0700][7,227s] GC(1) User=2,59s Sys=0,06s Real=2,18s
[2018-05-02T12:11:20.767+0700][7,227s] GC(1) Pause Remark
[2018-05-02T12:11:20.767+0700][7,227s] GC(2) Pause Young (CMS Final Remark)
[2018-05-02T12:11:20.767+0700][7,227s] GC(2) Using 4 workers of 4 for evacuation
[2018-05-02T12:11:20.782+0700][7,242s] GC(2) ParNew: 61853K->21824K(109248K)
[2018-05-02T12:11:20.782+0700][7,242s] GC(2) CMS: 0K->0K(393216K)
[2018-05-02T12:11:20.782+0700][7,242s] GC(2) Metaspace: 27662K->27662K(1075200K)
[2018-05-02T12:11:20.782+0700][7,242s] GC(2) Pause Young (CMS Final Remark) 60M->21M(490M) 15,122ms
[2018-05-02T12:11:20.782+0700][7,242s] GC(2) User=0,05s Sys=0,01s Real=0,01s
[2018-05-02T12:11:20.798+0700][7,258s] GC(1) Pause Remark 60M->21M(490M) 30,963ms
[2018-05-02T12:11:20.798+0700][7,258s] GC(1) User=0,07s Sys=0,01s Real=0,03s
[2018-05-02T12:11:20.798+0700][7,258s] GC(1) Concurrent Sweep
[2018-05-02T12:11:20.798+0700][7,258s] GC(1) Concurrent Sweep 0,049ms
[2018-05-02T12:11:20.798+0700][7,258s] GC(1) User=0,00s Sys=0,00s Real=0,00s
[2018-05-02T12:11:20.798+0700][7,258s] GC(1) Concurrent Reset
[2018-05-02T12:11:20.802+0700][7,262s] GC(1) Concurrent Reset 3,725ms
[2018-05-02T12:11:20.802+0700][7,262s] GC(1) User=0,01s Sys=0,00s Real=0,00s
[2018-05-02T12:11:20.802+0700][7,262s] GC(1) Old: 0K->0K(393216K)
[2018-05-02T12:11:22.180+0700][8,640s] GC(3) Pause Young (Allocation Failure)
[2018-05-02T12:11:22.180+0700][8,640s] GC(3) Using 4 workers of 4 for evacuation
[2018-05-02T12:11:22.207+0700][8,667s] GC(3) ParNew: 109248K->21824K(109248K)
[2018-05-02T12:11:22.207+0700][8,667s] GC(3) CMS: 0K->0K(393216K)
[2018-05-02T12:11:22.207+0700][8,667s] GC(3) Metaspace: 30246K->30246K(1077248K)
[2018-05-02T12:11:22.207+0700][8,667s] GC(3) Pause Young (Allocation Failure) 106M->21M(490M) 27,760ms
[2018-05-02T12:11:22.207+0700][8,668s] GC(3) User=0,09s Sys=0,00s Real=0,03s
[2018-05-02T12:11:22.438+0700][8,898s] GC(4) Pause Young (Allocation Failure)
[2018-05-02T12:11:22.438+0700][8,898s] GC(4) Using 4 workers of 4 for evacuation
[2018-05-02T12:11:22.452+0700][8,912s] GC(4) ParNew: 109248K->21824K(109248K)
[2018-05-02T12:11:22.452+0700][8,912s] GC(4) CMS: 0K->0K(393216K)
[2018-05-02T12:11:22.452+0700][8,912s] GC(4) Metaspace: 30759K->30759K(1077248K)
[2018-05-02T12:11:22.452+0700][8,912s] GC(4) Pause Young (Allocation Failure) 106M->21M(490M) 13,747ms
[2018-05-02T12:11:22.452+0700][8,912s] GC(4) User=0,04s Sys=0,00s Real=0,01s
[2018-05-02T12:11:23.649+0700][10,110s] GC(5) Pause Young (Allocation Failure)
[2018-05-02T12:11:23.649+0700][10,110s] GC(5) Using 4 workers of 4 for evacuation
[2018-05-02T12:11:23.672+0700][10,132s] GC(5) ParNew: 109248K->21824K(109248K)
[2018-05-02T12:11:23.672+0700][10,132s] GC(5) CMS: 0K->2998K(393216K)
[2018-05-02T12:11:23.672+0700][10,132s] GC(5) Metaspace: 36100K->36100K(1083392K)
[2018-05-02T12:11:23.672+0700][10,132s] GC(5) Pause Young (Allocation Failure) 106M->24M(490M) 22,302ms
[2018-05-02T12:11:23.672+0700][10,132s] GC(5) User=0,08s Sys=0,01s Real=0,02s
[2018-05-02T12:29:29.804+0700][1096,264s] GC(6) Pause Young (Allocation Failure)
[2018-05-02T12:29:29.804+0700][1096,264s] GC(6) Using 4 workers of 4 for evacuation
[2018-05-02T12:29:29.841+0700][1096,302s] GC(6) ParNew: 109248K->21824K(109248K)
[2018-05-02T12:29:29.842+0700][1096,302s] GC(6) CMS: 2998K->16759K(393216K)
[2018-05-02T12:29:29.842+0700][1096,302s] GC(6) Metaspace: 41058K->41058K(1087488K)
[2018-05-02T12:29:29.842+0700][1096,302s] GC(6) Pause Young (Allocation Failure) 109M->37M(490M) 37,360ms
[2018-05-02T12:29:29.842+0700][1096,302s] GC(6) User=0,11s Sys=0,01s Real=0,04s
