[2018-05-16T15:03:39.316+0700][0.010s] Using Concurrent Mark Sweep
[2018-05-16T15:03:39.316+0700][0.010s] Heap address: 0x00000000e0000000, size: 512 MB, Compressed Oops mode: 32-bit
[2018-05-16T15:03:43.349+0700][4,044s] GC(0) Pause Initial Mark
[2018-05-16T15:03:43.361+0700][4,056s] GC(0) Pause Initial Mark 82M->82M(490M) 12,267ms
[2018-05-16T15:03:43.361+0700][4,056s] GC(0) User=0,04s Sys=0,00s Real=0,01s
[2018-05-16T15:03:43.361+0700][4,056s] GC(0) Concurrent Mark
[2018-05-16T15:03:43.361+0700][4,056s] GC(0) Using 4 workers of 4 for marking
[2018-05-16T15:03:43.361+0700][4,056s] GC(0) Concurrent Mark 0,154ms
[2018-05-16T15:03:43.361+0700][4,056s] GC(0) User=0,00s Sys=0,00s Real=0,00s
[2018-05-16T15:03:43.361+0700][4,056s] GC(0) Concurrent Preclean
[2018-05-16T15:03:43.362+0700][4,057s] GC(0) Concurrent Preclean 0,694ms
[2018-05-16T15:03:43.362+0700][4,057s] GC(0) User=0,00s Sys=0,00s Real=0,00s
[2018-05-16T15:03:43.362+0700][4,057s] GC(0) Concurrent Abortable Preclean
[2018-05-16T15:03:43.945+0700][4,640s] GC(1) Pause Young (Allocation Failure)
[2018-05-16T15:03:43.945+0700][4,640s] GC(1) Using 4 workers of 4 for evacuation
[2018-05-16T15:03:43.957+0700][4,652s] GC(1) ParNew: 87424K->14823K(109248K)
[2018-05-16T15:03:43.958+0700][4,652s] GC(1) CMS: 0K->0K(393216K)
[2018-05-16T15:03:43.958+0700][4,652s] GC(1) Metaspace: 22813K->22813K(1071104K)
[2018-05-16T15:03:43.958+0700][4,652s] GC(1) Pause Young (Allocation Failure) 85M->14M(490M) 12,418ms
[2018-05-16T15:03:43.958+0700][4,652s] GC(1) User=0,03s Sys=0,01s Real=0,02s
[2018-05-16T15:03:45.898+0700][6,592s] GC(0) Concurrent Abortable Preclean 2535,318ms
[2018-05-16T15:03:45.898+0700][6,592s] GC(0) User=2,99s Sys=0,11s Real=2,54s
[2018-05-16T15:03:45.898+0700][6,592s] GC(0) Pause Remark
[2018-05-16T15:03:45.898+0700][6,592s] GC(2) Pause Young (CMS Final Remark)
[2018-05-16T15:03:45.898+0700][6,592s] GC(2) Using 4 workers of 4 for evacuation
[2018-05-16T15:03:45.912+0700][6,606s] GC(2) ParNew: 59070K->19897K(109248K)
[2018-05-16T15:03:45.912+0700][6,606s] GC(2) CMS: 0K->0K(393216K)
[2018-05-16T15:03:45.912+0700][6,606s] GC(2) Metaspace: 26907K->26907K(1075200K)
[2018-05-16T15:03:45.912+0700][6,606s] GC(2) Pause Young (CMS Final Remark) 57M->19M(490M) 14,026ms
[2018-05-16T15:03:45.912+0700][6,606s] GC(2) User=0,04s Sys=0,01s Real=0,01s
[2018-05-16T15:03:45.925+0700][6,620s] GC(0) Pause Remark 57M->19M(490M) 27,745ms
[2018-05-16T15:03:45.926+0700][6,620s] GC(0) User=0,07s Sys=0,01s Real=0,02s
[2018-05-16T15:03:45.926+0700][6,620s] GC(0) Concurrent Sweep
[2018-05-16T15:03:45.926+0700][6,620s] GC(0) Concurrent Sweep 0,047ms
[2018-05-16T15:03:45.926+0700][6,620s] GC(0) User=0,00s Sys=0,00s Real=0,00s
[2018-05-16T15:03:45.926+0700][6,620s] GC(0) Concurrent Reset
[2018-05-16T15:03:45.929+0700][6,623s] GC(0) Concurrent Reset 3,090ms
[2018-05-16T15:03:45.929+0700][6,623s] GC(0) User=0,01s Sys=0,00s Real=0,01s
[2018-05-16T15:03:45.929+0700][6,623s] GC(0) Old: 0K->0K(393216K)
[2018-05-16T15:03:47.003+0700][7,698s] GC(3) Pause Young (Allocation Failure)
[2018-05-16T15:03:47.003+0700][7,698s] GC(3) Using 4 workers of 4 for evacuation
[2018-05-16T15:03:47.035+0700][7,729s] GC(3) ParNew: 107321K->21824K(109248K)
[2018-05-16T15:03:47.035+0700][7,729s] GC(3) CMS: 0K->0K(393216K)
[2018-05-16T15:03:47.035+0700][7,729s] GC(3) Metaspace: 29051K->29051K(1077248K)
[2018-05-16T15:03:47.035+0700][7,729s] GC(3) Pause Young (Allocation Failure) 104M->21M(490M) 31,570ms
[2018-05-16T15:03:47.035+0700][7,729s] GC(3) User=0,13s Sys=0,00s Real=0,03s
[2018-05-16T15:03:47.414+0700][8,108s] GC(4) Pause Young (Allocation Failure)
[2018-05-16T15:03:47.414+0700][8,109s] GC(4) Using 4 workers of 4 for evacuation
[2018-05-16T15:03:47.450+0700][8,144s] GC(4) ParNew: 109248K->21824K(109248K)
[2018-05-16T15:03:47.450+0700][8,145s] GC(4) CMS: 0K->10104K(393216K)
[2018-05-16T15:03:47.450+0700][8,145s] GC(4) Metaspace: 30342K->30342K(1077248K)
[2018-05-16T15:03:47.450+0700][8,145s] GC(4) Pause Young (Allocation Failure) 106M->31M(490M) 36,051ms
[2018-05-16T15:03:47.450+0700][8,145s] GC(4) User=0,12s Sys=0,02s Real=0,04s
[2018-05-16T15:03:47.551+0700][8,246s] GC(5) Pause Young (Allocation Failure)
[2018-05-16T15:03:47.551+0700][8,246s] GC(5) Using 4 workers of 4 for evacuation
[2018-05-16T15:03:47.559+0700][8,253s] GC(5) ParNew: 109248K->11917K(109248K)
[2018-05-16T15:03:47.559+0700][8,253s] GC(5) CMS: 10104K->10104K(393216K)
[2018-05-16T15:03:47.559+0700][8,253s] GC(5) Metaspace: 30546K->30546K(1077248K)
[2018-05-16T15:03:47.559+0700][8,253s] GC(5) Pause Young (Allocation Failure) 116M->21M(490M) 7,330ms
[2018-05-16T15:03:47.559+0700][8,253s] GC(5) User=0,02s Sys=0,00s Real=0,01s
[2018-05-16T15:03:47.727+0700][8,422s] GC(6) Pause Young (Allocation Failure)
[2018-05-16T15:03:47.728+0700][8,422s] GC(6) Using 4 workers of 4 for evacuation
[2018-05-16T15:03:47.735+0700][8,430s] GC(6) ParNew: 99341K->12772K(109248K)
[2018-05-16T15:03:47.735+0700][8,430s] GC(6) CMS: 10104K->10104K(393216K)
[2018-05-16T15:03:47.735+0700][8,430s] GC(6) Metaspace: 31089K->31089K(1079296K)
[2018-05-16T15:03:47.735+0700][8,430s] GC(6) Pause Young (Allocation Failure) 106M->22M(490M) 7,855ms
[2018-05-16T15:03:47.735+0700][8,430s] GC(6) User=0,03s Sys=0,00s Real=0,01s
[2018-05-16T15:03:48.699+0700][9,393s] GC(7) Pause Young (Allocation Failure)
[2018-05-16T15:03:48.699+0700][9,394s] GC(7) Using 4 workers of 4 for evacuation
[2018-05-16T15:03:48.717+0700][9,412s] GC(7) ParNew: 100196K->14784K(109248K)
[2018-05-16T15:03:48.717+0700][9,412s] GC(7) CMS: 10104K->10104K(393216K)
[2018-05-16T15:03:48.717+0700][9,412s] GC(7) Metaspace: 34931K->34931K(1081344K)
[2018-05-16T15:03:48.717+0700][9,412s] GC(7) Pause Young (Allocation Failure) 107M->24M(490M) 18,570ms
[2018-05-16T15:03:48.717+0700][9,412s] GC(7) User=0,07s Sys=0,00s Real=0,02s
[2018-05-16T15:05:38.184+0700][118,879s] GC(8) Pause Young (Allocation Failure)
[2018-05-16T15:05:38.184+0700][118,879s] GC(8) Using 4 workers of 4 for evacuation
[2018-05-16T15:05:38.203+0700][118,898s] GC(8) ParNew: 102208K->21824K(109248K)
[2018-05-16T15:05:38.203+0700][118,898s] GC(8) CMS: 10104K->10888K(393216K)
[2018-05-16T15:05:38.203+0700][118,898s] GC(8) Metaspace: 40191K->40191K(1087488K)
[2018-05-16T15:05:38.203+0700][118,898s] GC(8) Pause Young (Allocation Failure) 109M->31M(490M) 19,333ms
[2018-05-16T15:05:38.203+0700][118,898s] GC(8) User=0,07s Sys=0,00s Real=0,02s
[2018-05-16T15:11:20.351+0700][461,045s] GC(9) Pause Young (Allocation Failure)
[2018-05-16T15:11:20.351+0700][461,046s] GC(9) Using 4 workers of 4 for evacuation
[2018-05-16T15:11:20.380+0700][461,075s] GC(9) ParNew: 109248K->21824K(109248K)
[2018-05-16T15:11:20.380+0700][461,075s] GC(9) CMS: 10888K->17247K(393216K)
[2018-05-16T15:11:20.380+0700][461,075s] GC(9) Metaspace: 41374K->41374K(1087488K)
[2018-05-16T15:11:20.380+0700][461,075s] GC(9) Pause Young (Allocation Failure) 117M->38M(490M) 29,284ms
[2018-05-16T15:11:20.380+0700][461,075s] GC(9) User=0,09s Sys=0,01s Real=0,03s
[2018-05-16T15:21:40.647+0700][1081,341s] GC(10) Pause Young (Allocation Failure)
[2018-05-16T15:21:40.647+0700][1081,341s] GC(10) Using 4 workers of 4 for evacuation
[2018-05-16T15:21:40.659+0700][1081,354s] GC(10) ParNew: 109248K->19399K(109248K)
[2018-05-16T15:21:40.659+0700][1081,354s] GC(10) CMS: 17247K->17247K(393216K)
[2018-05-16T15:21:40.659+0700][1081,354s] GC(10) Metaspace: 41685K->41685K(1087488K)
[2018-05-16T15:21:40.659+0700][1081,354s] GC(10) Pause Young (Allocation Failure) 123M->35M(490M) 12,272ms
[2018-05-16T15:21:40.659+0700][1081,354s] GC(10) User=0,05s Sys=0,00s Real=0,02s
[2018-05-16T15:26:36.192+0700][1376,887s] GC(11) Pause Young (Allocation Failure)
[2018-05-16T15:26:36.193+0700][1376,887s] GC(11) Using 4 workers of 4 for evacuation
[2018-05-16T15:26:36.209+0700][1376,903s] GC(11) ParNew: 106823K->21824K(109248K)
[2018-05-16T15:26:36.209+0700][1376,904s] GC(11) CMS: 17247K->19417K(393216K)
[2018-05-16T15:26:36.209+0700][1376,904s] GC(11) Metaspace: 41881K->41881K(1087488K)
[2018-05-16T15:26:36.209+0700][1376,904s] GC(11) Pause Young (Allocation Failure) 121M->40M(490M) 16,394ms
[2018-05-16T15:26:36.209+0700][1376,904s] GC(11) User=0,06s Sys=0,00s Real=0,02s
[2018-05-16T15:28:23.441+0700][1484,135s] GC(12) Pause Young (Allocation Failure)
[2018-05-16T15:28:23.441+0700][1484,135s] GC(12) Using 4 workers of 4 for evacuation
[2018-05-16T15:28:23.455+0700][1484,150s] GC(12) ParNew: 109248K->21824K(109248K)
[2018-05-16T15:28:23.455+0700][1484,150s] GC(12) CMS: 19417K->21438K(393216K)
[2018-05-16T15:28:23.455+0700][1484,150s] GC(12) Metaspace: 42138K->42138K(1089536K)
[2018-05-16T15:28:23.455+0700][1484,150s] GC(12) Pause Young (Allocation Failure) 125M->42M(490M) 14,719ms
[2018-05-16T15:28:23.455+0700][1484,150s] GC(12) User=0,05s Sys=0,00s Real=0,02s
[2018-05-16T15:30:52.202+0700][1632,897s] GC(13) Pause Young (Allocation Failure)
[2018-05-16T15:30:52.203+0700][1632,897s] GC(13) Using 4 workers of 4 for evacuation
[2018-05-16T15:30:52.213+0700][1632,908s] GC(13) ParNew: 109248K->20398K(109248K)
[2018-05-16T15:30:52.213+0700][1632,908s] GC(13) CMS: 21438K->21438K(393216K)
[2018-05-16T15:30:52.213+0700][1632,908s] GC(13) Metaspace: 42238K->42238K(1089536K)
[2018-05-16T15:30:52.213+0700][1632,908s] GC(13) Pause Young (Allocation Failure) 127M->40M(490M) 10,855ms
[2018-05-16T15:30:52.213+0700][1632,908s] GC(13) User=0,04s Sys=0,00s Real=0,01s
[2018-05-16T15:33:57.111+0700][1817,806s] GC(14) Pause Young (Allocation Failure)
[2018-05-16T15:33:57.112+0700][1817,806s] GC(14) Using 4 workers of 4 for evacuation
[2018-05-16T15:33:57.124+0700][1817,818s] GC(14) ParNew: 107822K->18287K(109248K)
[2018-05-16T15:33:57.124+0700][1817,818s] GC(14) CMS: 21438K->21438K(393216K)
[2018-05-16T15:33:57.124+0700][1817,818s] GC(14) Metaspace: 42350K->42350K(1089536K)
[2018-05-16T15:33:57.124+0700][1817,818s] GC(14) Pause Young (Allocation Failure) 126M->38M(490M) 12,165ms
[2018-05-16T15:33:57.124+0700][1817,818s] GC(14) User=0,04s Sys=0,00s Real=0,01s
